<?xml version="1.0" encoding="UTF-8"?>
<!-- Generated by org.testng.reporters.JUnitXMLReporter -->
<testsuite hostname="zhongzeqingdeMacBook-Pro.local" ignored="1" name="testngtest01" tests="2" failures="0" timestamp="17 三月 2020 13:09:13 GMT" time="1.178" errors="0">
  <testcase name="LogKitAdapterController_01" time="0.567" classname="com.yunche.testcase.logkit.LogKitAdapterController"/>
  <testcase name="accountLogin" time="0.022" classname="com.yunche.testcase.Login"/>
  <testcase name="@BeforeTest before" time="0.0" classname="com.yunche.BaseTest">
    <ignored/>
  </testcase> <!-- @BeforeTest before -->
</testsuite> <!-- testngtest01 -->
