<?xml version="1.0" encoding="UTF-8"?>
<testng-results skipped="0" failed="0" ignored="1" total="3" passed="2">
  <reporter-output>
  </reporter-output>
  <suite name="TestNGProject" duration-ms="1178" started-at="2020-03-17T13:09:12Z" finished-at="2020-03-17T13:09:13Z">
    <groups>
    </groups>
    <test name="testngtest01" duration-ms="1178" started-at="2020-03-17T13:09:12Z" finished-at="2020-03-17T13:09:13Z">
      <class name="com.yunche.testcase.Login">
        <test-method status="PASS" signature="accountLogin()[pri:0, instance:com.yunche.testcase.Login@2b7e8044]" name="accountLogin" duration-ms="22" started-at="2020-03-17T13:09:13Z" finished-at="2020-03-17T13:09:13Z">
          <reporter-output>
          </reporter-output>
        </test-method> <!-- accountLogin -->
      </class> <!-- com.yunche.testcase.Login -->
      <class name="com.yunche.testcase.logkit.LogKitAdapterController">
        <test-method status="PASS" signature="before()[pri:0, instance:com.yunche.testcase.logkit.LogKitAdapterController@6badba10]" name="before" is-config="true" duration-ms="561" started-at="2020-03-17T13:09:12Z" finished-at="2020-03-17T13:09:12Z">
          <reporter-output>
          </reporter-output>
        </test-method> <!-- before -->
        <test-method status="PASS" signature="LogKitAdapterController_01()[pri:0, instance:com.yunche.testcase.logkit.LogKitAdapterController@6badba10]" name="LogKitAdapterController_01" duration-ms="567" started-at="2020-03-17T13:09:12Z" finished-at="2020-03-17T13:09:13Z">
          <reporter-output>
          </reporter-output>
        </test-method> <!-- LogKitAdapterController_01 -->
      </class> <!-- com.yunche.testcase.logkit.LogKitAdapterController -->
    </test> <!-- testngtest01 -->
  </suite> <!-- TestNGProject -->
</testng-results>
