<?xml version="1.0" encoding="UTF-8"?>
<testsuite xmlns:xsi="http://www.w3.org/2001/XMLSchema-instance" xsi:schemaLocation="https://maven.apache.org/surefire/maven-surefire-plugin/xsd/surefire-test-report.xsd" name="TestSuite" time="1.451" tests="2" errors="0" skipped="0" failures="0">
  <properties>
[...]
</properties>
  <testcase name="LogKitAdapterController_01" classname="com.yunche.testcase.logkit.LogKitAdapterController" time="0.568"/>
  <testcase name="accountLogin" classname="com.yunche.testcase.Login" time="0.022"/>
</testsuite>